
> claimauditapp@1.2.1 electron:build
> vite build && electron-builder --win

[36mvite v7.3.1 [32mbuilding client environment for production...[36m[39m
transforming...
[32mโ“[39m 1878 modules transformed.
rendering chunks...
computing gzip size...
[2mdist/[22m[32mindex.html                 [39m[1m[2m  0.52 kB[22m[1m[22m[2m โ” gzip:   0.33 kB[22m
[2mdist/[22m[35massets/index-C5p5Szud.css  [39m[1m[2m 50.74 kB[22m[1m[22m[2m โ” gzip:   8.33 kB[22m
[2mdist/[22m[36massets/web-CSHPrR3V.js     [39m[1m[2m  0.38 kB[22m[1m[22m[2m โ” gzip:   0.25 kB[22m
[2mdist/[22m[36massets/web-CJDO8AeJ.js     [39m[1m[2m  1.49 kB[22m[1m[22m[2m โ” gzip:   0.69 kB[22m
[2mdist/[22m[36massets/index-0J4uj50e.js   [39m[1m[33m636.59 kB[39m[22m[2m โ” gzip: 227.20 kB[22m
node.exe : [33m
At line:1 char:1
+ & "C:\Program Files\
nodejs/node.exe" 
"C:\Program 
Files\nodejs/node_mo 
...
+ ~~~~~~~~~~~~~~~~~~~~
~~~~~~~~~~~~~~~~~~~~~~
~~~~~~~~~~~~~~~~~~~~~~
~~~~~
    + CategoryInfo    
          : NotSpeci  
  fied: ([33m:Stri   
 ng) [], RemoteExc    
eption
    + FullyQualifiedE 
   rrorId : NativeCo  
  mmandError
 
(!) Some chunks are 
larger than 500 kB 
after minification. 
Consider:
- Using dynamic 
import() to 
code-split the 
application
- Use build.rollupOpti
ons.output.manualChunk
s to improve 
chunking: https://roll
upjs.org/configuration
-options/#output-manua
lchunks
- Adjust chunk size 
limit for this 
warning via build.chun
kSizeWarningLimit.[39
m
[32mโ“ built in 9.86s[39m
  โ€ข electron-builder  version=26.8.1 os=10.0.26100
  โ€ข loaded configuration  file=package.json ("build" field)
  โ€ข executing @electron/rebuild  electronVersion=35.7.5 arch=x64 buildFromSource=false workspaceRoot=C:\ClaimAuditApp projectDir=./ appDir=./
  โ€ข installing native dependencies  arch=x64
  โ€ข completed installing native dependencies
  โ€ข packaging       platform=win32 arch=x64 electron=35.7.5 appOutDir=dist-electron\win-unpacked
  โ€ข searching for node modules  pm=npm searchDir=C:\ClaimAuditApp
(node:6432) [DEP0190] 
DeprecationWarning: 
Passing args to a 
child process with 
shell option true can 
lead to security 
vulnerabilities, as 
the arguments are not 
escaped, only 
concatenated.
(Use `node 
--trace-deprecation 
...` to show where 
the warning was 
created)
  โ€ข duplicate dependency references  dependencies=["@capacitor/core@8.1.0","@capacitor/core@8.1.0","@capacitor/core@8.1.0","@capacitor/core@8.1.0","@types/hast@3.0.4","devlop@1.1.0","@types/hast@3.0.4","@types/hast@3.0.4","@types/mdast@4.0.4","devlop@1.1.0","mdast-util-from-markdown@2.0.3","@types/mdast@4.0.4","@types/mdast@4.0.4","unist-util-is@6.0.1","mdast-util-to-string@4.0.0","micromark-util-character@2.1.1","micromark-util-decode-string@2.0.1","unist-util-visit@5.1.0","@types/estree-jsx@1.0.5","@types/hast@3.0.4","@types/mdast@4.0.4","devlop@1.1.0","mdast-util-from-markdown@2.0.3","mdast-util-to-markdown@2.1.2","decode-named-character-reference@1.3.0","vfile-message@4.0.3","@types/estree-jsx@1.0.5","@types/hast@3.0.4","@types/mdast@4.0.4","devlop@1.1.0","mdast-util-from-markdown@2.0.3","mdast-util-to-markdown@2.1.2","unist-util-stringify-position@4.0.0","@types/hast@3.0.4","@types/mdast@4.0.4","devlop@1.1.0","unist-util-position@5.0.0","unist-util-visit@5.1.0","vfile@6.0.3","@types/mdast@4.0.4","@types/mdast@4.0.4","devlop@1.1.0","@types/mdast@4.0.4","decode-named-character-reference@1.3.0","micromark-util-character@2.1.1","micromark-util-decode-numeric-character-reference@2.0.2","decode-named-character-reference@1.3.0","devlop@1.1.0","decode-named-character-reference@1.3.0","devlop@1.1.0","micromark-util-character@2.1.1","devlop@1.1.0","micromark-util-character@2.1.1","micromark-factory-space@2.0.1","micromark-factory-space@2.0.1","micromark-util-character@2.1.1","micromark-factory-space@2.0.1","micromark-util-character@2.1.1","micromark-util-character@2.1.1","micromark-util-chunked@2.0.1","micromark-util-classify-character@2.0.1","micromark-util-normalize-identifier@2.0.1","micromark-util-resolve-all@2.0.1","micromark-util-subtokenize@2.1.0","micromark-util-character@2.1.1","micromark-util-character@2.1.1","micromark-util-chunked@2.0.1","micromark-util-decode-numeric-character-reference@2.0.2","micromark-util-normalize-identifier@2.0.1","micromark-util-sanitize-uri@2.0.1","devlop@1.1.0","micromark-util-chunked@2.0.1","unist-util-stringify-position@4.0.0","unified@11.0.5","@types/hast@3.0.4","@types/mdast@4.0.4","mdast-util-to-hast@13.2.1","unified@11.0.5","vfile@6.0.3","devlop@1.1.0","vfile@6.0.3","unist-util-is@6.0.1","vfile-message@4.0.3"]
  โ€ข updating asar integrity executable resource  executablePath=dist-electron\win-unpacked\Pending Sakti.exe
  โ€ข signing with signtool.exe  path=dist-electron\win-unpacked\Pending Sakti.exe
  โ€ข building        target=nsis file=dist-electron\Pending Sakti Setup 1.2.1.exe archs=x64 oneClick=false perMachine=false
  โ€ข signing with signtool.exe  path=dist-electron\win-unpacked\resources\elevate.exe
  โ€ข signing with signtool.exe  path=dist-electron\Pending Sakti Setup 1.2.1.__uninstaller.exe
  โจฏ cannot find specified resource "build/license.txt", nor relative to "C:\ClaimAuditApp\build", neither relative to project dir ("C:\ClaimAuditApp")
